[ 2015-06-13T22:11:23+08:00 ] 0.0.0.0 /wenda/
INFO: [ app_begin ] --START--
INFO: ReadHtmlCache Behavior ::run [ RunTime:0.000939s ]
INFO: [ app_begin ] --END-- [ RunTime:0.001083s ]
SQL: SHOW COLUMNS FROM `wd_category` [ RunTime:0.009509s ]
SQL: SELECT * FROM `wd_category` WHERE ( `pid` = 0 )  [ RunTime:0.004878s ]
SQL: SELECT * FROM `wd_category` WHERE ( `pid` = 1 )  [ RunTime:0.000284s ]
SQL: SELECT * FROM `wd_category` WHERE ( `pid` = 2 )  [ RunTime:0.000235s ]
SQL: SELECT * FROM `wd_category` WHERE ( `pid` = 3 )  [ RunTime:0.000251s ]
SQL: SELECT * FROM `wd_category` WHERE ( `pid` = 5 )  [ RunTime:0.000223s ]
SQL: SELECT * FROM `wd_category` WHERE ( `pid` = 6 )  [ RunTime:0.000263s ]
SQL: SHOW COLUMNS FROM `wd_ask` [ RunTime:0.003080s ]
SQL: SELECT * FROM `wd_ask` WHERE ( `solve` = 0 ) AND ( `reward` = 0 ) LIMIT 5   [ RunTime:0.000792s ]
SQL: SELECT * FROM `wd_ask` WHERE ( `solve` = 0 ) AND ( `reward` > 0 ) LIMIT 5   [ RunTime:0.000321s ]
INFO: [ view_parse ] --START--
NOTIC: [2] Missing argument 2 for TagLib::parseXmlAttr(), called in /Library/WebServer/Documents/wenda/Index/Lib/TagLib/TagLibDL.class.php on line 15 and defined /Library/WebServer/Documents/wenda/ThinkPHP/Lib/Template/TagLib.class.php 第 80 行.
NOTIC: [8] Undefined variable: tag /Library/WebServer/Documents/wenda/ThinkPHP/Lib/Template/TagLib.class.php 第 91 行.
NOTIC: [8] Undefined index:  /Library/WebServer/Documents/wenda/ThinkPHP/Lib/Template/TagLib.class.php 第 91 行.
NOTIC: [8] Undefined variable: tag /Library/WebServer/Documents/wenda/ThinkPHP/Lib/Template/TagLib.class.php 第 92 行.
NOTIC: [2] Missing argument 2 for TagLib::parseXmlAttr(), called in /Library/WebServer/Documents/wenda/Index/Lib/TagLib/TagLibDL.class.php on line 29 and defined /Library/WebServer/Documents/wenda/ThinkPHP/Lib/Template/TagLib.class.php 第 80 行.
NOTIC: [8] Undefined variable: tag /Library/WebServer/Documents/wenda/ThinkPHP/Lib/Template/TagLib.class.php 第 91 行.
NOTIC: [8] Undefined index:  /Library/WebServer/Documents/wenda/ThinkPHP/Lib/Template/TagLib.class.php 第 91 行.
NOTIC: [8] Undefined variable: tag /Library/WebServer/Documents/wenda/ThinkPHP/Lib/Template/TagLib.class.php 第 92 行.
SQL: SELECT * FROM `wd_category` WHERE ( `pid` = 0 ) LIMIT 10   [ RunTime:0.000332s ]
SQL: SELECT u.id AS id,username,face,exp,answer,u.adopt AS adopt FROM wd_answer a LEFT JOIN wd_user u ON a.uid=u.id WHERE time>1434124800 ORDER BY answer DESC LIMIT 1 [ RunTime:0.005812s ]
NOTIC: [8] Undefined offset: 0 /Library/WebServer/Documents/wenda/Index/Runtime/Cache/f9c22b8b40e560036663a0ce7ed378ae.php 第 261 行.
NOTIC: [8] Undefined index: id /Library/WebServer/Documents/wenda/Index/Runtime/Cache/f9c22b8b40e560036663a0ce7ed378ae.php 第 264 行.
NOTIC: [8] Undefined index: face /Library/WebServer/Documents/wenda/Index/Runtime/Cache/f9c22b8b40e560036663a0ce7ed378ae.php 第 264 行.
NOTIC: [8] Undefined index: id /Library/WebServer/Documents/wenda/Index/Runtime/Cache/f9c22b8b40e560036663a0ce7ed378ae.php 第 266 行.
NOTIC: [8] Undefined index: username /Library/WebServer/Documents/wenda/Index/Runtime/Cache/f9c22b8b40e560036663a0ce7ed378ae.php 第 266 行.
NOTIC: [8] Undefined index: answer /Library/WebServer/Documents/wenda/Index/Runtime/Cache/f9c22b8b40e560036663a0ce7ed378ae.php 第 271 行.
NOTIC: [8] Undefined index: adopt /Library/WebServer/Documents/wenda/Index/Runtime/Cache/f9c22b8b40e560036663a0ce7ed378ae.php 第 272 行.
NOTIC: [8] Undefined index: answer /Library/WebServer/Documents/wenda/Index/Runtime/Cache/f9c22b8b40e560036663a0ce7ed378ae.php 第 272 行.
NOTIC: [2] Division by zero /Library/WebServer/Documents/wenda/Index/Runtime/Cache/f9c22b8b40e560036663a0ce7ed378ae.php 第 272 行.
SQL: SELECT id,username,face,exp,answer,adopt FROM wd_user ORDER BY answer DESC LIMIT 1 [ RunTime:0.000650s ]
SQL: SELECT id,username,answer FROM wd_user ORDER BY answer DESC LIMIT 5 [ RunTime:0.000224s ]
INFO: ParseTemplate Behavior ::run [ RunTime:0.065960s ]
INFO: [ view_parse ] --END-- [ RunTime:0.066060s ]
INFO: [ view_filter ] --START--
INFO: ContentReplace Behavior ::run [ RunTime:0.006712s ]
INFO: TokenBuild Behavior ::run [ RunTime:0.006647s ]
INFO: WriteHtmlCache Behavior ::run [ RunTime:0.006053s ]
INFO: ShowRuntime Behavior ::run [ RunTime:0.005645s ]
INFO: [ view_filter ] --END-- [ RunTime:0.025450s ]
INFO: [ view_end ] --START--
INFO: ShowPageTrace Behavior ::run [ RunTime:0.001265s ]
INFO: [ view_end ] --END-- [ RunTime:0.001428s ]

[ 2015-06-13T22:11:23+08:00 ] 0.0.0.0 /wenda/index.php/Common/verify.html
INFO: [ route_check ] --START--
INFO: CheckRoute Behavior ::run [ RunTime:0.006319s ]
INFO: [ route_check ] --END-- [ RunTime:0.006532s ]
INFO: [ app_begin ] --START--
INFO: ReadHtmlCache Behavior ::run [ RunTime:0.000661s ]
INFO: [ app_begin ] --END-- [ RunTime:0.000825s ]

[ 2015-06-13T23:02:22+08:00 ] 0.0.0.0 /wenda/
INFO: [ app_begin ] --START--
INFO: ReadHtmlCache Behavior ::run [ RunTime:0.000771s ]
INFO: [ app_begin ] --END-- [ RunTime:0.000944s ]
SQL: SHOW COLUMNS FROM `wd_category` [ RunTime:0.001230s ]
SQL: SELECT * FROM `wd_category` WHERE ( `pid` = 0 )  [ RunTime:0.000253s ]
SQL: SELECT * FROM `wd_category` WHERE ( `pid` = 1 )  [ RunTime:0.000241s ]
SQL: SELECT * FROM `wd_category` WHERE ( `pid` = 2 )  [ RunTime:0.000249s ]
SQL: SELECT * FROM `wd_category` WHERE ( `pid` = 3 )  [ RunTime:0.000281s ]
SQL: SELECT * FROM `wd_category` WHERE ( `pid` = 5 )  [ RunTime:0.000247s ]
SQL: SELECT * FROM `wd_category` WHERE ( `pid` = 6 )  [ RunTime:0.000247s ]
SQL: SHOW COLUMNS FROM `wd_ask` [ RunTime:0.001436s ]
SQL: SELECT * FROM `wd_ask` WHERE ( `solve` = 0 ) AND ( `reward` = 0 ) LIMIT 5   [ RunTime:0.000383s ]
SQL: SELECT * FROM `wd_ask` WHERE ( `solve` = 0 ) AND ( `reward` > 0 ) LIMIT 5   [ RunTime:0.000234s ]
INFO: [ view_parse ] --START--
NOTIC: [2] Missing argument 2 for TagLib::parseXmlAttr(), called in /Library/WebServer/Documents/wenda/Index/Lib/TagLib/TagLibDL.class.php on line 15 and defined /Library/WebServer/Documents/wenda/ThinkPHP/Lib/Template/TagLib.class.php 第 80 行.
NOTIC: [8] Undefined variable: tag /Library/WebServer/Documents/wenda/ThinkPHP/Lib/Template/TagLib.class.php 第 91 行.
NOTIC: [8] Undefined index:  /Library/WebServer/Documents/wenda/ThinkPHP/Lib/Template/TagLib.class.php 第 91 行.
NOTIC: [8] Undefined variable: tag /Library/WebServer/Documents/wenda/ThinkPHP/Lib/Template/TagLib.class.php 第 92 行.
NOTIC: [2] Missing argument 2 for TagLib::parseXmlAttr(), called in /Library/WebServer/Documents/wenda/Index/Lib/TagLib/TagLibDL.class.php on line 29 and defined /Library/WebServer/Documents/wenda/ThinkPHP/Lib/Template/TagLib.class.php 第 80 行.
NOTIC: [8] Undefined variable: tag /Library/WebServer/Documents/wenda/ThinkPHP/Lib/Template/TagLib.class.php 第 91 行.
NOTIC: [8] Undefined index:  /Library/WebServer/Documents/wenda/ThinkPHP/Lib/Template/TagLib.class.php 第 91 行.
NOTIC: [8] Undefined variable: tag /Library/WebServer/Documents/wenda/ThinkPHP/Lib/Template/TagLib.class.php 第 92 行.
SQL: SELECT * FROM `wd_category` WHERE ( `pid` = 0 ) LIMIT 10   [ RunTime:0.000360s ]
SQL: SELECT u.id AS id,username,face,exp,answer,u.adopt AS adopt FROM wd_answer a LEFT JOIN wd_user u ON a.uid=u.id WHERE time>1434124800 ORDER BY answer DESC LIMIT 1 [ RunTime:0.000716s ]
NOTIC: [8] Undefined offset: 0 /Library/WebServer/Documents/wenda/Index/Runtime/Cache/f9c22b8b40e560036663a0ce7ed378ae.php 第 262 行.
NOTIC: [8] Undefined index: id /Library/WebServer/Documents/wenda/Index/Runtime/Cache/f9c22b8b40e560036663a0ce7ed378ae.php 第 265 行.
NOTIC: [8] Undefined index: face /Library/WebServer/Documents/wenda/Index/Runtime/Cache/f9c22b8b40e560036663a0ce7ed378ae.php 第 265 行.
NOTIC: [8] Undefined index: id /Library/WebServer/Documents/wenda/Index/Runtime/Cache/f9c22b8b40e560036663a0ce7ed378ae.php 第 267 行.
NOTIC: [8] Undefined index: username /Library/WebServer/Documents/wenda/Index/Runtime/Cache/f9c22b8b40e560036663a0ce7ed378ae.php 第 267 行.
NOTIC: [8] Undefined index: answer /Library/WebServer/Documents/wenda/Index/Runtime/Cache/f9c22b8b40e560036663a0ce7ed378ae.php 第 272 行.
NOTIC: [8] Undefined index: adopt /Library/WebServer/Documents/wenda/Index/Runtime/Cache/f9c22b8b40e560036663a0ce7ed378ae.php 第 273 行.
NOTIC: [8] Undefined index: answer /Library/WebServer/Documents/wenda/Index/Runtime/Cache/f9c22b8b40e560036663a0ce7ed378ae.php 第 273 行.
NOTIC: [2] Division by zero /Library/WebServer/Documents/wenda/Index/Runtime/Cache/f9c22b8b40e560036663a0ce7ed378ae.php 第 273 行.
SQL: SELECT id,username,face,exp,answer,adopt FROM wd_user ORDER BY answer DESC LIMIT 1 [ RunTime:0.000249s ]
SQL: SELECT id,username,answer FROM wd_user ORDER BY answer DESC LIMIT 5 [ RunTime:0.000224s ]
INFO: ParseTemplate Behavior ::run [ RunTime:0.057226s ]
INFO: [ view_parse ] --END-- [ RunTime:0.057308s ]
INFO: [ view_filter ] --START--
INFO: ContentReplace Behavior ::run [ RunTime:0.006482s ]
INFO: TokenBuild Behavior ::run [ RunTime:0.006795s ]
INFO: WriteHtmlCache Behavior ::run [ RunTime:0.006471s ]
INFO: ShowRuntime Behavior ::run [ RunTime:0.005714s ]
INFO: [ view_filter ] --END-- [ RunTime:0.025839s ]
INFO: [ view_end ] --START--
INFO: ShowPageTrace Behavior ::run [ RunTime:0.001202s ]
INFO: [ view_end ] --END-- [ RunTime:0.001431s ]

[ 2015-06-13T23:02:22+08:00 ] 0.0.0.0 /wenda/index.php/Common/verify.html
INFO: [ route_check ] --START--
INFO: CheckRoute Behavior ::run [ RunTime:0.000760s ]
INFO: [ route_check ] --END-- [ RunTime:0.000914s ]
INFO: [ app_begin ] --START--
INFO: ReadHtmlCache Behavior ::run [ RunTime:0.000312s ]
INFO: [ app_begin ] --END-- [ RunTime:0.000387s ]

[ 2015-06-13T23:02:35+08:00 ] 0.0.0.0 /wenda/index.php/List/AskSerach.html
INFO: [ route_check ] --START--
INFO: CheckRoute Behavior ::run [ RunTime:0.000458s ]
INFO: [ route_check ] --END-- [ RunTime:0.000604s ]
INFO: [ app_begin ] --START--
INFO: ReadHtmlCache Behavior ::run [ RunTime:0.000305s ]
INFO: [ app_begin ] --END-- [ RunTime:0.000382s ]
SQL: SHOW COLUMNS FROM `wd_ask` [ RunTime:0.001209s ]
SQL: SELECT COUNT(id) AS tp_count FROM `wd_ask` WHERE ( `content` LIKE '%电脑%' ) LIMIT 1   [ RunTime:0.006715s ]
SQL: SHOW COLUMNS FROM `wd_category` [ RunTime:0.001776s ]
SQL: SELECT ask.id AS id,ask.content AS content,ask.time AS time,ask.answer AS answer,ask.reward AS reward,category.name AS name FROM wd_ask ask LEFT JOIN wd_category category ON ask.cid=category.id WHERE ( ask.content LIKE '%电脑%' ) ORDER BY ask.time DESC LIMIT 0,5   [ RunTime:0.000508s ]
INFO: [ view_parse ] --START--
NOTIC: [2] Missing argument 2 for TagLib::parseXmlAttr(), called in /Library/WebServer/Documents/wenda/Index/Lib/TagLib/TagLibDL.class.php on line 15 and defined /Library/WebServer/Documents/wenda/ThinkPHP/Lib/Template/TagLib.class.php 第 80 行.
NOTIC: [8] Undefined variable: tag /Library/WebServer/Documents/wenda/ThinkPHP/Lib/Template/TagLib.class.php 第 91 行.
NOTIC: [8] Undefined index:  /Library/WebServer/Documents/wenda/ThinkPHP/Lib/Template/TagLib.class.php 第 91 行.
NOTIC: [8] Undefined variable: tag /Library/WebServer/Documents/wenda/ThinkPHP/Lib/Template/TagLib.class.php 第 92 行.
NOTIC: [2] Missing argument 2 for TagLib::parseXmlAttr(), called in /Library/WebServer/Documents/wenda/Index/Lib/TagLib/TagLibDL.class.php on line 29 and defined /Library/WebServer/Documents/wenda/ThinkPHP/Lib/Template/TagLib.class.php 第 80 行.
NOTIC: [8] Undefined variable: tag /Library/WebServer/Documents/wenda/ThinkPHP/Lib/Template/TagLib.class.php 第 91 行.
NOTIC: [8] Undefined index:  /Library/WebServer/Documents/wenda/ThinkPHP/Lib/Template/TagLib.class.php 第 91 行.
NOTIC: [8] Undefined variable: tag /Library/WebServer/Documents/wenda/ThinkPHP/Lib/Template/TagLib.class.php 第 92 行.
SQL: SELECT * FROM `wd_category` WHERE ( `pid` = 0 ) LIMIT 10   [ RunTime:0.000333s ]
NOTIC: [8] Undefined variable: filter /Library/WebServer/Documents/wenda/Index/Runtime/Cache/17358bfacefe897b8c03bd25bdaf0187.php 第 156 行.
NOTIC: [8] Undefined variable: cateid /Library/WebServer/Documents/wenda/Index/Runtime/Cache/17358bfacefe897b8c03bd25bdaf0187.php 第 157 行.
SQL: SELECT u.id AS id,username,face,exp,answer,u.adopt AS adopt FROM wd_answer a LEFT JOIN wd_user u ON a.uid=u.id WHERE time>1434124800 ORDER BY answer DESC LIMIT 1 [ RunTime:0.000547s ]
NOTIC: [8] Undefined offset: 0 /Library/WebServer/Documents/wenda/Index/Runtime/Cache/17358bfacefe897b8c03bd25bdaf0187.php 第 225 行.
NOTIC: [8] Undefined index: id /Library/WebServer/Documents/wenda/Index/Runtime/Cache/17358bfacefe897b8c03bd25bdaf0187.php 第 228 行.
NOTIC: [8] Undefined index: face /Library/WebServer/Documents/wenda/Index/Runtime/Cache/17358bfacefe897b8c03bd25bdaf0187.php 第 228 行.
NOTIC: [8] Undefined index: id /Library/WebServer/Documents/wenda/Index/Runtime/Cache/17358bfacefe897b8c03bd25bdaf0187.php 第 230 行.
NOTIC: [8] Undefined index: username /Library/WebServer/Documents/wenda/Index/Runtime/Cache/17358bfacefe897b8c03bd25bdaf0187.php 第 230 行.
NOTIC: [8] Undefined index: answer /Library/WebServer/Documents/wenda/Index/Runtime/Cache/17358bfacefe897b8c03bd25bdaf0187.php 第 235 行.
NOTIC: [8] Undefined index: adopt /Library/WebServer/Documents/wenda/Index/Runtime/Cache/17358bfacefe897b8c03bd25bdaf0187.php 第 236 行.
NOTIC: [8] Undefined index: answer /Library/WebServer/Documents/wenda/Index/Runtime/Cache/17358bfacefe897b8c03bd25bdaf0187.php 第 236 行.
NOTIC: [2] Division by zero /Library/WebServer/Documents/wenda/Index/Runtime/Cache/17358bfacefe897b8c03bd25bdaf0187.php 第 236 行.
SQL: SELECT id,username,face,exp,answer,adopt FROM wd_user ORDER BY answer DESC LIMIT 1 [ RunTime:0.000237s ]
SQL: SELECT id,username,answer FROM wd_user ORDER BY answer DESC LIMIT 5 [ RunTime:0.000207s ]
INFO: ParseTemplate Behavior ::run [ RunTime:0.030062s ]
INFO: [ view_parse ] --END-- [ RunTime:0.030175s ]
INFO: [ view_filter ] --START--
INFO: ContentReplace Behavior ::run [ RunTime:0.000320s ]
INFO: TokenBuild Behavior ::run [ RunTime:0.000241s ]
INFO: WriteHtmlCache Behavior ::run [ RunTime:0.000138s ]
INFO: ShowRuntime Behavior ::run [ RunTime:0.000287s ]
INFO: [ view_filter ] --END-- [ RunTime:0.001189s ]
INFO: [ view_end ] --START--
INFO: ShowPageTrace Behavior ::run [ RunTime:0.000470s ]
INFO: [ view_end ] --END-- [ RunTime:0.000584s ]

[ 2015-06-13T23:02:35+08:00 ] 0.0.0.0 /wenda/index.php/Common/verify.html
INFO: [ route_check ] --START--
INFO: CheckRoute Behavior ::run [ RunTime:0.000508s ]
INFO: [ route_check ] --END-- [ RunTime:0.000610s ]
INFO: [ app_begin ] --START--
INFO: ReadHtmlCache Behavior ::run [ RunTime:0.000298s ]
INFO: [ app_begin ] --END-- [ RunTime:0.000364s ]

[ 2015-06-13T23:02:38+08:00 ] 0.0.0.0 /wenda/index.php/Show/index/id/18.html
INFO: [ route_check ] --START--
INFO: CheckRoute Behavior ::run [ RunTime:0.000392s ]
INFO: [ route_check ] --END-- [ RunTime:0.000490s ]
INFO: [ app_begin ] --START--
INFO: ReadHtmlCache Behavior ::run [ RunTime:0.000563s ]
INFO: [ app_begin ] --END-- [ RunTime:0.000702s ]
NOTIC: 建议使用I方法替代_get
SQL: SHOW COLUMNS FROM `wd_ask` [ RunTime:0.001005s ]
SQL: SHOW COLUMNS FROM `wd_user` [ RunTime:0.001744s ]
SQL: SELECT ask.id AS id,ask.content AS content,ask.reward AS reward,ask.solve AS solve,ask.time AS time,ask.cid AS cid,ask.answer AS answer,user.id AS uid,user.username AS username,user.exp AS exp FROM wd_ask ask LEFT JOIN wd_user user ON ask.uid=user.id WHERE ( ask.id = 18 ) LIMIT 1   [ RunTime:0.000458s ]
SQL: SHOW COLUMNS FROM `wd_answer` [ RunTime:0.001483s ]
SQL: SHOW COLUMNS FROM `wd_user` [ RunTime:0.001238s ]
SQL: SELECT answer.id AS id,answer.content AS content,answer.time AS time,answer.adopt AS adopt,answer.aid AS aid,user.id AS uid,user.username AS username,user.face AS face,user.exp AS exp,user.answer AS answer,user.adopt AS adopt FROM wd_answer answer LEFT JOIN wd_user user ON answer.uid=user.id WHERE ( answer.adopt = 1 ) AND ( answer.aid = 18 ) LIMIT 1   [ RunTime:0.002268s ]
SQL: SELECT COUNT(*) AS tp_count FROM `wd_answer` WHERE ( answer.adopt = 0 ) AND ( `aid` = 18 ) LIMIT 1   [ RunTime:0.000202s ]
ERR: 1054:Unknown column 'answer.adopt' in 'where clause'
 [ SQL语句 ] : SELECT COUNT(*) AS tp_count FROM `wd_answer` WHERE ( answer.adopt = 0 ) AND ( `aid` = 18 ) LIMIT 1  
SQL: SELECT answer.id AS id,answer.content AS content,answer.time AS time,answer.adopt AS adopt,answer.aid AS aid,user.id AS uid,user.username AS username,user.face AS face,user.exp AS exp,user.answer AS answer,user.adopt AS adopt FROM wd_answer answer LEFT JOIN wd_user user ON answer.uid=user.id WHERE ( answer.adopt = 0 ) AND ( answer.aid = 18 ) LIMIT 0,5   [ RunTime:0.000580s ]
SQL: SELECT * FROM `wd_ask` WHERE ( `cid` = 30 ) AND ( `solve` = 0 ) AND ( `id` <> 18 ) LIMIT 5   [ RunTime:0.001381s ]
INFO: [ view_parse ] --START--
NOTIC: [2] Missing argument 2 for TagLib::parseXmlAttr(), called in /Library/WebServer/Documents/wenda/Index/Lib/TagLib/TagLibDL.class.php on line 15 and defined /Library/WebServer/Documents/wenda/ThinkPHP/Lib/Template/TagLib.class.php 第 80 行.
NOTIC: [8] Undefined variable: tag /Library/WebServer/Documents/wenda/ThinkPHP/Lib/Template/TagLib.class.php 第 91 行.
NOTIC: [8] Undefined index:  /Library/WebServer/Documents/wenda/ThinkPHP/Lib/Template/TagLib.class.php 第 91 行.
NOTIC: [8] Undefined variable: tag /Library/WebServer/Documents/wenda/ThinkPHP/Lib/Template/TagLib.class.php 第 92 行.
NOTIC: [2] Missing argument 2 for TagLib::parseXmlAttr(), called in /Library/WebServer/Documents/wenda/Index/Lib/TagLib/TagLibDL.class.php on line 29 and defined /Library/WebServer/Documents/wenda/ThinkPHP/Lib/Template/TagLib.class.php 第 80 行.
NOTIC: [8] Undefined variable: tag /Library/WebServer/Documents/wenda/ThinkPHP/Lib/Template/TagLib.class.php 第 91 行.
NOTIC: [8] Undefined index:  /Library/WebServer/Documents/wenda/ThinkPHP/Lib/Template/TagLib.class.php 第 91 行.
NOTIC: [8] Undefined variable: tag /Library/WebServer/Documents/wenda/ThinkPHP/Lib/Template/TagLib.class.php 第 92 行.
NOTIC: [2] Missing argument 2 for TagLib::parseXmlAttr(), called in /Library/WebServer/Documents/wenda/Index/Lib/TagLib/TagLibDL.class.php on line 48 and defined /Library/WebServer/Documents/wenda/ThinkPHP/Lib/Template/TagLib.class.php 第 80 行.
NOTIC: [8] Undefined variable: tag /Library/WebServer/Documents/wenda/ThinkPHP/Lib/Template/TagLib.class.php 第 91 行.
NOTIC: [8] Undefined index:  /Library/WebServer/Documents/wenda/ThinkPHP/Lib/Template/TagLib.class.php 第 91 行.
NOTIC: [8] Undefined variable: tag /Library/WebServer/Documents/wenda/ThinkPHP/Lib/Template/TagLib.class.php 第 92 行.
SQL: SHOW COLUMNS FROM `wd_category` [ RunTime:0.000972s ]
SQL: SELECT * FROM `wd_category` WHERE ( `pid` = 0 ) LIMIT 10   [ RunTime:0.000232s ]
SQL: SELECT * FROM `wd_category`  [ RunTime:0.000230s ]
SQL: SELECT u.id AS id,username,face,exp,answer,u.adopt AS adopt FROM wd_answer a LEFT JOIN wd_user u ON a.uid=u.id WHERE time>1434124800 ORDER BY answer DESC LIMIT 1 [ RunTime:0.000546s ]
NOTIC: [8] Undefined offset: 0 /Library/WebServer/Documents/wenda/Index/Runtime/Cache/f354fc626e6f7e38fd97a443b43fbcf1.php 第 282 行.
NOTIC: [8] Undefined index: id /Library/WebServer/Documents/wenda/Index/Runtime/Cache/f354fc626e6f7e38fd97a443b43fbcf1.php 第 285 行.
NOTIC: [8] Undefined index: face /Library/WebServer/Documents/wenda/Index/Runtime/Cache/f354fc626e6f7e38fd97a443b43fbcf1.php 第 285 行.
NOTIC: [8] Undefined index: id /Library/WebServer/Documents/wenda/Index/Runtime/Cache/f354fc626e6f7e38fd97a443b43fbcf1.php 第 287 行.
NOTIC: [8] Undefined index: username /Library/WebServer/Documents/wenda/Index/Runtime/Cache/f354fc626e6f7e38fd97a443b43fbcf1.php 第 287 行.
NOTIC: [8] Undefined index: answer /Library/WebServer/Documents/wenda/Index/Runtime/Cache/f354fc626e6f7e38fd97a443b43fbcf1.php 第 292 行.
NOTIC: [8] Undefined index: adopt /Library/WebServer/Documents/wenda/Index/Runtime/Cache/f354fc626e6f7e38fd97a443b43fbcf1.php 第 293 行.
NOTIC: [8] Undefined index: answer /Library/WebServer/Documents/wenda/Index/Runtime/Cache/f354fc626e6f7e38fd97a443b43fbcf1.php 第 293 行.
NOTIC: [2] Division by zero /Library/WebServer/Documents/wenda/Index/Runtime/Cache/f354fc626e6f7e38fd97a443b43fbcf1.php 第 293 行.
SQL: SELECT id,username,face,exp,answer,adopt FROM wd_user ORDER BY answer DESC LIMIT 1 [ RunTime:0.000381s ]
SQL: SELECT id,username,answer FROM wd_user ORDER BY answer DESC LIMIT 5 [ RunTime:0.000278s ]
INFO: ParseTemplate Behavior ::run [ RunTime:0.050697s ]
INFO: [ view_parse ] --END-- [ RunTime:0.050799s ]
INFO: [ view_filter ] --START--
INFO: ContentReplace Behavior ::run [ RunTime:0.000317s ]
INFO: TokenBuild Behavior ::run [ RunTime:0.000233s ]
INFO: WriteHtmlCache Behavior ::run [ RunTime:0.000134s ]
INFO: ShowRuntime Behavior ::run [ RunTime:0.000284s ]
INFO: [ view_filter ] --END-- [ RunTime:0.001169s ]
INFO: [ view_end ] --START--
INFO: ShowPageTrace Behavior ::run [ RunTime:0.000463s ]
INFO: [ view_end ] --END-- [ RunTime:0.000588s ]

[ 2015-06-13T23:02:38+08:00 ] 0.0.0.0 /wenda/index.php/Common/verify.html
INFO: [ route_check ] --START--
INFO: CheckRoute Behavior ::run [ RunTime:0.001343s ]
INFO: [ route_check ] --END-- [ RunTime:0.001505s ]
INFO: [ app_begin ] --START--
INFO: ReadHtmlCache Behavior ::run [ RunTime:0.000526s ]
INFO: [ app_begin ] --END-- [ RunTime:0.000656s ]

